2020-12-27 23:05:18,209 - logger - INFO - GPU is found
2020-12-27 23:05:25,366 - logger - INFO - =======Model Summary======
2020-12-27 23:05:25,376 - logger - INFO - None
2020-12-27 23:07:57,648 - logger - INFO - Model saved to trained_models/bert-base-cased_seed_42_portion_3_fakehealth.model
2020-12-27 23:08:03,470 - logger - INFO - Model loaded from trained_models/bert-base-cased_seed_42_portion_3_fakehealth.model
2020-12-27 23:08:07,442 - logger - INFO - =======Test Results======
2020-12-27 23:08:07,448 - logger - INFO -               precision    recall  f1-score   support

        fake     0.0000    0.0000    0.0000        14
        true     0.5333    1.0000    0.6957        16

    accuracy                         0.5333        30
   macro avg     0.2667    0.5000    0.3478        30
weighted avg     0.2844    0.5333    0.3710        30

2020-12-27 23:08:41,412 - logger - INFO - GPU is found
2020-12-27 23:08:48,567 - logger - INFO - =======Model Summary======
2020-12-27 23:08:48,576 - logger - INFO - None
2020-12-27 23:11:21,729 - logger - INFO - Model saved to trained_models/bert-base-cased_seed_42_portion_3_fakehealth.model
2020-12-27 23:11:58,059 - logger - INFO - Model loaded from trained_models/bert-base-cased_seed_42_portion_3_fakehealth.model
2020-12-27 23:12:02,145 - logger - INFO - =======Test Results======
2020-12-27 23:12:02,151 - logger - INFO -               precision    recall  f1-score   support

        fake     0.0000    0.0000    0.0000        14
        true     0.5333    1.0000    0.6957        16

    accuracy                         0.5333        30
   macro avg     0.2667    0.5000    0.3478        30
weighted avg     0.2844    0.5333    0.3710        30

2020-12-28 00:10:12,183 - logger - INFO - GPU is found
2020-12-28 00:10:19,238 - logger - INFO - =======Model Summary======
2020-12-28 00:10:19,247 - logger - INFO - None
2020-12-28 00:11:57,840 - logger - INFO - Model saved to trained_models/bert-base-cased_seed_42_portion_3_gossipcop.model
2020-12-28 00:12:04,109 - logger - INFO - Model loaded from trained_models/bert-base-cased_seed_42_portion_3_gossipcop.model
2020-12-28 00:12:08,185 - logger - INFO - =======Test Results======
2020-12-28 00:12:08,190 - logger - INFO -               precision    recall  f1-score   support

        fake     0.2667    1.0000    0.4211         8
        true     0.0000    0.0000    0.0000        22

    accuracy                         0.2667        30
   macro avg     0.1333    0.5000    0.2105        30
weighted avg     0.0711    0.2667    0.1123        30

2020-12-28 08:59:49,571 - logger - INFO - GPU is found
2020-12-28 09:00:03,716 - logger - INFO - =======Model Summary======
2020-12-28 09:00:03,726 - logger - INFO - None
2020-12-28 09:01:43,655 - logger - INFO - Model saved to trained_models/bert-base-cased_seed_42_portion_3_gossipcop.model
2020-12-28 09:01:49,067 - logger - INFO - Model loaded from trained_models/bert-base-cased_seed_42_portion_3_gossipcop.model
2020-12-28 09:01:52,678 - logger - INFO - =======Test Results======
2020-12-28 09:01:52,682 - logger - INFO -               precision    recall  f1-score   support

        fake     0.2759    1.0000    0.4324         8
        true     1.0000    0.0455    0.0870        22

    accuracy                         0.3000        30
   macro avg     0.6379    0.5227    0.2597        30
weighted avg     0.8069    0.3000    0.1791        30

2020-12-29 00:25:26,843 - logger - INFO - GPU is found
2020-12-29 00:25:40,777 - logger - INFO - =======Model Summary======
2020-12-29 00:25:40,787 - logger - INFO - None
2020-12-29 00:26:23,347 - logger - INFO - Model saved to trained_models/bert-base-cased_seed_42_portion_Data_Kaggle.model
2020-12-29 00:26:29,594 - logger - INFO - Model loaded from trained_models/bert-base-cased_seed_42_portion_Data_Kaggle.model
2020-12-29 00:26:33,144 - logger - INFO - =======Test Results======
2020-12-29 00:26:33,149 - logger - INFO -               precision    recall  f1-score   support

        fake     1.0000    0.9333    0.9655        15
        true     0.9375    1.0000    0.9677        15

    accuracy                         0.9667        30
   macro avg     0.9688    0.9667    0.9666        30
weighted avg     0.9688    0.9667    0.9666        30

2020-12-30 06:42:05,053 - logger - INFO - GPU is found
2020-12-30 06:42:23,435 - logger - INFO - =======Model Summary======
2020-12-30 06:42:23,445 - logger - INFO - None
2020-12-30 06:46:08,239 - logger - INFO - Model saved to trained_models/bert-base-cased_seed_42_portion_Data_Kaggle.model
2020-12-30 06:46:14,140 - logger - INFO - Model loaded from trained_models/bert-base-cased_seed_42_portion_Data_Kaggle.model
2020-12-30 06:47:56,260 - logger - INFO - =======Test Results======
2020-12-30 06:47:56,298 - logger - INFO -               precision    recall  f1-score   support

        fake     1.0000    1.0000    1.0000       739
        true     1.0000    1.0000    1.0000       760

    accuracy                         1.0000      1499
   macro avg     1.0000    1.0000    1.0000      1499
weighted avg     1.0000    1.0000    1.0000      1499

2020-12-30 06:53:40,704 - logger - INFO - GPU is found
2020-12-30 06:53:48,418 - logger - INFO - =======Model Summary======
2020-12-30 06:53:48,428 - logger - INFO - None
2020-12-30 06:57:16,453 - logger - INFO - Model saved to trained_models/bert-base-cased_seed_42_portion_Data_Kaggle.model
2020-12-30 06:57:46,723 - logger - INFO - Model loaded from trained_models/bert-base-cased_seed_42_portion_Data_Kaggle.model
2020-12-30 06:59:27,074 - logger - INFO - =======Test Results======
2020-12-30 06:59:27,116 - logger - INFO -               precision    recall  f1-score   support

        fake     1.0000    1.0000    1.0000       739
        true     1.0000    1.0000    1.0000       760

    accuracy                         1.0000      1499
   macro avg     1.0000    1.0000    1.0000      1499
weighted avg     1.0000    1.0000    1.0000      1499

2020-12-30 07:00:39,888 - logger - INFO - GPU is found
2020-12-30 07:00:47,898 - logger - INFO - =======Model Summary======
2020-12-30 07:00:47,908 - logger - INFO - None
2020-12-30 07:04:18,331 - logger - INFO - Model saved to trained_models/bert-base-cased_seed_42_portion_Data_Kaggle.model
2020-12-30 07:04:27,577 - logger - INFO - Model loaded from trained_models/bert-base-cased_seed_42_portion_Data_Kaggle.model
2020-12-30 07:06:12,600 - logger - INFO - =======Test Results======
2020-12-30 07:06:12,636 - logger - INFO -               precision    recall  f1-score   support

        fake     1.0000    1.0000    1.0000       739
        true     1.0000    1.0000    1.0000       760

    accuracy                         1.0000      1499
   macro avg     1.0000    1.0000    1.0000      1499
weighted avg     1.0000    1.0000    1.0000      1499

2020-12-30 12:22:26,324 - logger - INFO - GPU is found
2020-12-30 12:22:39,191 - logger - INFO - =======Model Summary======
2020-12-30 12:22:39,201 - logger - INFO - None
2020-12-30 12:26:06,042 - logger - INFO - Model saved to trained_models/bert-base-cased_seed_42_portion_3_fakehealth.model
2020-12-30 12:26:11,795 - logger - INFO - Model loaded from trained_models/bert-base-cased_seed_42_portion_3_fakehealth.model
2020-12-30 12:27:01,179 - logger - INFO - =======Test Results======
2020-12-30 12:27:01,192 - logger - INFO -               precision    recall  f1-score   support

        fake     0.5714    0.0511    0.0938       235
        true     0.6128    0.9751    0.7527       362

    accuracy                         0.6114       597
   macro avg     0.5921    0.5131    0.4232       597
weighted avg     0.5965    0.6114    0.4933       597

2020-12-30 15:29:47,533 - logger - INFO - GPU is found
2020-12-30 15:29:54,622 - logger - INFO - =======Model Summary======
2020-12-30 15:29:54,632 - logger - INFO - None
2020-12-30 15:43:14,036 - logger - INFO - Model saved to trained_models/bert-base-cased_seed_42_portion_3_fakehealth.model
2020-12-30 15:43:20,519 - logger - INFO - Model loaded from trained_models/bert-base-cased_seed_42_portion_3_fakehealth.model
2020-12-30 15:44:13,410 - logger - INFO - =======Test Results======
2020-12-30 15:44:13,424 - logger - INFO -               precision    recall  f1-score   support

        fake     0.5272    0.4128    0.4630       235
        true     0.6659    0.7597    0.7097       362

    accuracy                         0.6231       597
   macro avg     0.5965    0.5862    0.5863       597
weighted avg     0.6113    0.6231    0.6126       597

2020-12-30 20:56:29,228 - logger - INFO - GPU is found
2020-12-30 20:56:48,483 - logger - INFO - =======Model Summary======
2020-12-30 20:56:48,494 - logger - INFO - None
2020-12-30 21:07:00,014 - logger - INFO - Model saved to trained_models/bert-base-cased_seed_42_portion_3_fakehealth.model
2020-12-30 21:07:05,862 - logger - INFO - Model loaded from trained_models/bert-base-cased_seed_42_portion_3_fakehealth.model
2020-12-30 21:07:53,968 - logger - INFO - =======Test Results======
2020-12-30 21:07:53,982 - logger - INFO -               precision    recall  f1-score   support

        fake     0.5575    0.2681    0.3621       235
        true     0.6446    0.8619    0.7376       362

    accuracy                         0.6281       597
   macro avg     0.6011    0.5650    0.5498       597
weighted avg     0.6103    0.6281    0.5898       597

2020-12-31 09:40:52,912 - logger - INFO - GPU is found
2020-12-31 09:41:10,445 - logger - INFO - =======Model Summary======
2020-12-31 09:41:10,455 - logger - INFO - None
2020-12-31 09:54:19,168 - logger - INFO - Model saved to trained_models/bert-base-cased_seed_42_portion_3_fakehealth.model
2020-12-31 09:54:24,924 - logger - INFO - Model loaded from trained_models/bert-base-cased_seed_42_portion_3_fakehealth.model
2020-12-31 09:55:11,103 - logger - INFO - =======Test Results======
2020-12-31 09:55:11,117 - logger - INFO -               precision    recall  f1-score   support

        fake     0.5158    0.4851    0.5000       235
        true     0.6782    0.7044    0.6911       362

    accuracy                         0.6181       597
   macro avg     0.5970    0.5948    0.5955       597
weighted avg     0.6143    0.6181    0.6159       597

2020-12-31 10:02:45,940 - logger - INFO - GPU is found
2020-12-31 10:03:13,241 - logger - INFO - GPU is found
2020-12-31 10:53:12,133 - logger - INFO - GPU is found
2020-12-31 10:58:49,892 - logger - INFO - GPU is found
2020-12-31 11:47:05,954 - logger - INFO - GPU is found
2020-12-31 11:48:53,651 - logger - INFO - GPU is found
2020-12-31 11:49:11,986 - logger - INFO - =======Model Summary======
2020-12-31 11:49:11,996 - logger - INFO - None
2020-12-31 11:52:38,411 - logger - INFO - Model saved to trained_models/bert-base-cased_seed_42_portion_3_fakehealth.model
2020-12-31 11:52:43,965 - logger - INFO - Model loaded from trained_models/bert-base-cased_seed_42_portion_3_fakehealth.model
2020-12-31 11:53:29,778 - logger - INFO - =======Test Results======
2020-12-31 11:53:29,792 - logger - INFO -               precision    recall  f1-score   support

        fake     0.0000    0.0000    0.0000       235
        true     0.6064    1.0000    0.7550       362

    accuracy                         0.6064       597
   macro avg     0.3032    0.5000    0.3775       597
weighted avg     0.3677    0.6064    0.4578       597

2020-12-31 12:18:13,504 - logger - INFO - GPU is found
2020-12-31 12:22:10,708 - logger - INFO - GPU is found
2020-12-31 12:50:51,609 - logger - INFO - GPU is found
2020-12-31 12:53:48,230 - logger - INFO - GPU is found
2020-12-31 13:17:44,995 - logger - INFO - GPU is found
2020-12-31 13:18:19,227 - logger - INFO - GPU is found
2020-12-31 14:43:18,746 - logger - INFO - GPU is found
2020-12-31 14:52:50,539 - logger - INFO - GPU is found
2020-12-31 15:28:27,228 - logger - INFO - GPU is found
2020-12-31 15:36:59,304 - logger - INFO - GPU is found
2020-12-31 15:43:10,436 - logger - INFO - GPU is found
2020-12-31 15:44:26,026 - logger - INFO - GPU is found
2020-12-31 15:46:12,990 - logger - INFO - GPU is found
2020-12-31 15:48:52,649 - logger - INFO - GPU is found
2020-12-31 15:49:48,257 - logger - INFO - GPU is found
2020-12-31 15:50:48,291 - logger - INFO - GPU is found
2020-12-31 15:56:00,491 - logger - INFO - GPU is found
2020-12-31 16:41:21,061 - logger - INFO - GPU is found
2020-12-31 16:43:05,898 - logger - INFO - GPU is found
2020-12-31 16:43:12,955 - logger - INFO - =======Model Summary======
2020-12-31 16:43:12,964 - logger - INFO - None
2020-12-31 16:59:35,385 - logger - INFO - Model saved to trained_models/bert-base-uncased_seed_42_portion_3_fakehealth.model
2020-12-31 16:59:41,624 - logger - INFO - Model loaded from trained_models/bert-base-uncased_seed_42_portion_3_fakehealth.model
2020-12-31 17:00:27,998 - logger - INFO - =======Test Results======
2020-12-31 17:00:28,012 - logger - INFO -               precision    recall  f1-score   support

        fake     0.5574    0.5574    0.5574       235
        true     0.7127    0.7127    0.7127       362

    accuracy                         0.6516       597
   macro avg     0.6351    0.6351    0.6351       597
weighted avg     0.6516    0.6516    0.6516       597

2020-12-31 17:03:08,520 - logger - INFO - GPU is found
2020-12-31 22:25:09,027 - logger - INFO - GPU is found
2020-12-31 22:25:25,163 - logger - INFO - GPU is found
2021-01-01 05:59:13,268 - logger - INFO - GPU is found
2021-01-01 10:05:52,723 - logger - INFO - GPU is found
2021-01-01 10:13:42,950 - logger - INFO - GPU is found
2021-01-01 11:26:41,094 - logger - INFO - GPU is found
2021-01-01 12:08:29,487 - logger - INFO - GPU is found
2021-01-01 12:18:28,412 - logger - INFO - GPU is found
2021-01-01 12:20:12,364 - logger - INFO - GPU is found
2021-01-01 12:20:19,112 - logger - INFO - =======Model Summary======
2021-01-01 12:20:19,121 - logger - INFO - None
2021-01-01 12:34:02,072 - logger - INFO - Model saved to trained_models/bert-base-uncased_seed_42_portion_3_fakehealth.model
2021-01-01 12:34:07,632 - logger - INFO - Model loaded from trained_models/bert-base-uncased_seed_42_portion_3_fakehealth.model
2021-01-01 12:34:54,833 - logger - INFO - =======Test Results======
2021-01-01 12:34:54,847 - logger - INFO -               precision    recall  f1-score   support

        fake     0.5130    0.3362    0.4062       235
        true     0.6479    0.7928    0.7130       362

    accuracy                         0.6131       597
   macro avg     0.5804    0.5645    0.5596       597
weighted avg     0.5948    0.6131    0.5922       597

2021-01-01 12:35:41,284 - logger - INFO - GPU is found
2021-01-01 12:59:56,888 - logger - INFO - GPU is found
2021-01-01 23:57:52,619 - logger - INFO - GPU is found
2021-01-02 08:28:56,017 - logger - INFO - GPU is found
2021-01-02 09:28:36,538 - logger - INFO - GPU is found
2021-01-02 13:27:40,263 - logger - INFO - GPU is found
2021-01-02 13:30:33,761 - logger - INFO - GPU is found
2021-01-02 13:33:29,403 - logger - INFO - GPU is found
2021-01-02 13:35:13,107 - logger - INFO - GPU is found
2021-01-02 13:35:28,031 - logger - INFO - =======Model Summary======
2021-01-02 13:35:28,040 - logger - INFO - None
2021-01-02 13:36:11,706 - logger - INFO - GPU is found
2021-01-02 13:43:52,553 - logger - INFO - GPU is found
2021-01-02 13:51:05,475 - logger - INFO - GPU is found
2021-01-02 13:56:50,549 - logger - INFO - GPU is found
2021-01-02 13:59:21,650 - logger - INFO - GPU is found
2021-01-02 14:01:19,653 - logger - INFO - GPU is found
2021-01-02 14:07:36,702 - logger - INFO - GPU is found
2021-01-02 14:11:35,233 - logger - INFO - GPU is found
2021-01-02 14:21:49,095 - logger - INFO - GPU is found
2021-01-02 14:39:28,399 - logger - INFO - GPU is found
2021-01-02 14:42:22,679 - logger - INFO - GPU is found
2021-01-02 14:44:38,524 - logger - INFO - GPU is found
2021-01-02 14:57:55,814 - logger - INFO - GPU is found
2021-01-02 17:07:32,973 - logger - INFO - GPU is found
2021-01-02 17:11:07,460 - logger - INFO - GPU is found
2021-01-02 17:22:19,524 - logger - INFO - GPU is found
2021-01-06 10:01:34,194 - logger - INFO - GPU is found
2021-01-06 10:03:36,251 - logger - INFO - GPU is found
2021-01-06 10:07:01,776 - logger - INFO - GPU is found
2021-01-06 10:09:04,238 - logger - INFO - GPU is found
2021-01-06 10:16:52,279 - logger - INFO - GPU is found
2021-01-07 07:04:43,818 - logger - INFO - GPU is found
2021-01-07 07:07:24,337 - logger - INFO - GPU is found
2021-01-07 21:26:18,171 - logger - INFO - GPU is found
2021-01-07 21:28:18,511 - logger - INFO - GPU is found
2021-01-07 21:30:22,647 - logger - INFO - GPU is found
2021-01-07 21:33:17,240 - logger - INFO - GPU is found
2021-01-07 21:35:58,705 - logger - INFO - GPU is found
2021-01-07 21:37:45,955 - logger - INFO - GPU is found
2021-01-07 21:39:40,226 - logger - INFO - GPU is found
2021-01-07 23:09:17,633 - logger - INFO - GPU is found
2021-01-07 23:10:10,911 - logger - INFO - GPU is found
2021-01-07 23:16:39,069 - logger - INFO - GPU is found
2021-01-07 23:22:46,447 - logger - INFO - GPU is found
2021-01-07 23:28:22,734 - logger - INFO - GPU is found
2021-01-08 07:26:14,562 - logger - INFO - GPU is found
2021-01-08 09:38:00,538 - logger - INFO - GPU is found
2021-01-08 11:46:45,656 - logger - INFO - GPU is found
2021-01-08 11:56:26,505 - logger - INFO - GPU is found
2021-01-08 13:24:50,422 - logger - INFO - GPU is found
2021-01-08 13:25:32,473 - logger - INFO - GPU is found
2021-01-08 13:27:55,122 - logger - INFO - GPU is found
2021-01-08 13:33:40,552 - logger - INFO - GPU is found
2021-01-08 14:06:28,054 - logger - INFO - GPU is found
2021-01-08 14:26:59,717 - logger - INFO - GPU is found
2021-01-08 14:38:13,873 - logger - INFO - GPU is found
2021-01-08 14:40:36,705 - logger - INFO - GPU is found
2021-01-08 14:44:59,850 - logger - INFO - GPU is found
2021-01-08 14:49:44,164 - logger - INFO - GPU is found
2021-01-08 15:10:47,516 - logger - INFO - GPU is found
2021-01-08 15:31:32,172 - logger - INFO - GPU is found
2021-01-08 15:52:14,551 - logger - INFO - GPU is found
2021-01-08 16:13:16,954 - logger - INFO - GPU is found
2021-01-08 16:33:11,832 - logger - INFO - GPU is found
2021-01-08 16:33:28,931 - logger - INFO - GPU is found
2021-01-08 16:55:22,240 - logger - INFO - GPU is found
2021-01-08 16:58:55,187 - logger - INFO - GPU is found
2021-01-08 17:22:26,118 - logger - INFO - GPU is found
2021-01-08 17:43:32,702 - logger - INFO - GPU is found
2021-01-08 18:04:17,718 - logger - INFO - GPU is found
2021-01-09 04:59:16,437 - logger - INFO - GPU is found
2021-01-09 05:16:39,469 - logger - INFO - GPU is found
2021-01-09 05:18:35,593 - logger - INFO - GPU is found
2021-01-09 05:45:51,456 - logger - INFO - GPU is found
2021-01-09 05:48:25,079 - logger - INFO - GPU is found
2021-01-09 05:49:10,234 - logger - INFO - GPU is found
2021-01-09 05:49:50,712 - logger - INFO - GPU is found
2021-01-09 05:50:35,080 - logger - INFO - GPU is found
2021-01-09 05:55:36,170 - logger - INFO - GPU is found
2021-01-09 06:33:03,882 - logger - INFO - GPU is found
2021-01-09 06:52:37,704 - logger - INFO - GPU is found
2021-01-09 07:14:12,529 - logger - INFO - GPU is found
2021-01-09 07:34:50,622 - logger - INFO - GPU is found
2021-01-09 08:18:29,847 - logger - INFO - GPU is found
2021-01-09 08:57:34,626 - logger - INFO - GPU is found
2021-01-09 10:24:13,914 - logger - INFO - GPU is found
2021-01-09 11:02:42,045 - logger - INFO - GPU is found
2021-01-09 11:42:34,691 - logger - INFO - GPU is found
2021-01-09 14:30:51,687 - logger - INFO - GPU is found
2021-01-09 14:32:36,005 - logger - INFO - GPU is found
2021-01-10 17:32:36,606 - logger - INFO - GPU is found
2021-01-10 17:33:49,832 - logger - INFO - GPU is found
2021-01-10 17:34:13,473 - logger - INFO - GPU is found
2021-01-10 17:35:03,520 - logger - INFO - GPU is found
2021-01-10 17:36:03,856 - logger - INFO - GPU is found
2021-01-10 17:36:33,212 - logger - INFO - GPU is found
2021-01-10 17:49:51,806 - logger - INFO - GPU is found
2021-01-10 19:10:13,872 - logger - INFO - GPU is found
2021-01-10 19:11:33,190 - logger - INFO - GPU is found
2021-01-10 19:25:45,186 - logger - INFO - GPU is found
2021-01-10 19:37:08,924 - logger - INFO - GPU is found
2021-01-11 18:47:28,998 - logger - INFO - GPU is found
2021-01-11 18:51:50,282 - logger - INFO - GPU is found
2021-01-11 18:56:17,295 - logger - INFO - GPU is found
2021-01-11 19:00:50,099 - logger - INFO - GPU is found
2021-01-11 19:02:50,112 - logger - INFO - GPU is found
2021-01-11 19:07:28,761 - logger - INFO - GPU is found
2021-01-11 22:24:14,626 - logger - INFO - GPU is found
2021-01-12 09:05:38,806 - logger - INFO - GPU is found
2021-01-12 09:32:30,442 - logger - INFO - GPU is found
2021-01-12 09:34:58,333 - logger - INFO - GPU is found
2021-01-12 11:30:34,830 - logger - INFO - GPU is found
2021-01-12 11:33:24,554 - logger - INFO - GPU is found
2021-01-12 11:48:32,862 - logger - INFO - Training with CPU
2021-01-12 12:01:43,608 - logger - INFO - Training with CPU
2021-01-12 12:05:04,098 - logger - INFO - GPU is found
2021-01-12 12:09:30,598 - logger - INFO - GPU is found
2021-01-12 12:13:31,449 - logger - INFO - GPU is found
2021-01-12 12:14:32,010 - logger - INFO - GPU is found
2021-01-12 12:16:57,713 - logger - INFO - GPU is found
2021-01-12 12:18:12,198 - logger - INFO - GPU is found
2021-01-12 12:56:17,911 - logger - INFO - GPU is found
2021-01-12 12:57:31,896 - logger - INFO - GPU is found
2021-01-12 12:58:24,483 - logger - INFO - GPU is found
2021-01-12 12:59:44,384 - logger - INFO - GPU is found
2021-01-12 13:00:52,317 - logger - INFO - GPU is found
2021-01-12 13:03:02,884 - logger - INFO - GPU is found
2021-01-12 13:04:39,646 - logger - INFO - GPU is found
2021-01-12 13:06:59,078 - logger - INFO - GPU is found
2021-01-12 13:11:42,247 - logger - INFO - GPU is found
2021-01-12 13:18:17,649 - logger - INFO - GPU is found
2021-01-12 13:20:55,756 - logger - INFO - GPU is found
2021-01-12 13:22:56,007 - logger - INFO - GPU is found
2021-01-12 13:25:33,159 - logger - INFO - GPU is found
2021-01-12 13:27:22,038 - logger - INFO - GPU is found
2021-01-12 13:41:32,692 - logger - INFO - GPU is found
2021-01-12 14:27:33,467 - logger - INFO - GPU is found
2021-01-12 14:49:40,487 - logger - INFO - GPU is found
2021-01-12 15:30:08,110 - logger - INFO - GPU is found
2021-01-12 16:01:43,408 - logger - INFO - GPU is found
2021-01-12 16:37:05,273 - logger - INFO - GPU is found
2021-01-12 18:09:45,460 - logger - INFO - GPU is found
2021-01-12 18:12:08,009 - logger - INFO - GPU is found
2021-01-12 21:33:48,983 - logger - INFO - GPU is found
2021-01-12 22:50:17,826 - logger - INFO - GPU is found
2021-01-12 23:53:22,043 - logger - INFO - GPU is found
2021-01-13 00:33:40,649 - logger - INFO - GPU is found
2021-01-13 01:38:13,465 - logger - INFO - GPU is found
2021-01-13 13:42:21,765 - logger - INFO - GPU is found
2021-01-13 13:47:44,891 - logger - INFO - GPU is found
2021-01-13 13:50:52,459 - logger - INFO - GPU is found
2021-01-13 13:53:20,298 - logger - INFO - GPU is found
2021-01-13 13:57:18,507 - logger - INFO - GPU is found
2021-01-13 14:03:17,691 - logger - INFO - GPU is found
2021-01-13 14:15:02,215 - logger - INFO - GPU is found
2021-01-13 14:23:41,700 - logger - INFO - Training with CPU
2021-01-13 14:29:26,795 - logger - INFO - Training with CPU
2021-01-13 14:50:10,729 - logger - INFO - Training with CPU
2021-01-13 14:57:13,744 - logger - INFO - Training with CPU
2021-01-13 15:02:39,189 - logger - INFO - GPU is found
2021-01-13 15:39:15,067 - logger - INFO - GPU is found
2021-01-13 18:12:07,256 - logger - INFO - GPU is found
2021-01-13 19:32:00,594 - logger - INFO - GPU is found
2021-01-13 20:55:46,883 - logger - INFO - GPU is found
2021-01-13 21:32:13,706 - logger - INFO - GPU is found
2021-01-13 21:37:33,157 - logger - INFO - GPU is found
2021-01-13 21:39:37,761 - logger - INFO - GPU is found
2021-01-13 21:42:56,167 - logger - INFO - GPU is found
2021-01-13 21:47:31,777 - logger - INFO - GPU is found
2021-01-13 22:05:13,563 - logger - INFO - GPU is found
2021-01-13 22:45:18,294 - logger - INFO - GPU is found
2021-01-13 22:50:14,443 - logger - INFO - GPU is found
2021-01-13 22:56:19,656 - logger - INFO - GPU is found
2021-01-13 23:02:08,163 - logger - INFO - GPU is found
2021-01-13 23:16:23,114 - logger - INFO - GPU is found
2021-01-14 13:14:32,052 - logger - INFO - GPU is found
2021-01-14 15:30:20,837 - logger - INFO - GPU is found
2021-01-14 16:11:46,623 - logger - INFO - GPU is found
2021-01-14 20:58:30,310 - logger - INFO - GPU is found
2021-01-14 21:08:03,137 - logger - INFO - GPU is found
2021-01-14 21:10:33,594 - logger - INFO - GPU is found
2021-01-14 21:32:22,389 - logger - INFO - GPU is found
2021-01-14 21:34:27,480 - logger - INFO - GPU is found
2021-01-14 21:34:38,049 - logger - INFO - GPU is found
2021-01-14 21:37:22,866 - logger - INFO - GPU is found
2021-01-14 21:40:40,333 - logger - INFO - GPU is found
2021-01-14 21:42:43,948 - logger - INFO - GPU is found
2021-01-14 21:45:41,003 - logger - INFO - GPU is found
2021-01-14 22:02:44,352 - logger - INFO - GPU is found
2021-01-14 22:20:44,947 - logger - INFO - GPU is found
2021-01-14 22:38:40,368 - logger - INFO - GPU is found
2021-01-14 23:01:07,755 - logger - INFO - GPU is found
2021-01-14 23:01:33,542 - logger - INFO - GPU is found
2021-01-14 23:22:15,769 - logger - INFO - GPU is found
2021-01-14 23:43:34,462 - logger - INFO - GPU is found
2021-01-15 00:16:30,356 - logger - INFO - GPU is found
2021-01-15 00:41:24,166 - logger - INFO - GPU is found
2021-01-15 01:06:28,803 - logger - INFO - GPU is found
2021-01-15 01:06:40,007 - logger - INFO - GPU is found
2021-01-15 01:24:48,211 - logger - INFO - GPU is found
2021-01-15 01:42:16,773 - logger - INFO - GPU is found
2021-01-15 02:00:08,406 - logger - INFO - GPU is found
2021-01-15 02:17:44,823 - logger - INFO - GPU is found
2021-01-15 02:35:19,893 - logger - INFO - GPU is found
2021-01-15 02:54:55,696 - logger - INFO - GPU is found
2021-01-15 03:13:06,370 - logger - INFO - GPU is found
2021-01-15 03:31:02,348 - logger - INFO - GPU is found
2021-01-15 03:50:05,461 - logger - INFO - GPU is found
2021-01-15 04:07:57,170 - logger - INFO - GPU is found
2021-01-15 04:28:10,793 - logger - INFO - GPU is found
2021-01-15 04:46:28,035 - logger - INFO - GPU is found
2021-01-15 05:06:53,564 - logger - INFO - GPU is found
2021-01-15 05:24:21,131 - logger - INFO - GPU is found
2021-01-15 05:41:43,218 - logger - INFO - GPU is found
2021-01-15 05:59:00,918 - logger - INFO - GPU is found
2021-01-15 12:33:43,367 - logger - INFO - GPU is found
2021-01-15 13:05:17,141 - logger - INFO - GPU is found
2021-01-15 13:05:44,964 - logger - INFO - GPU is found
2021-01-15 13:37:51,240 - logger - INFO - GPU is found
2021-01-15 14:06:13,676 - logger - INFO - GPU is found
2021-01-15 14:33:47,501 - logger - INFO - GPU is found
2021-01-15 14:56:38,243 - logger - INFO - GPU is found
2021-01-15 14:58:16,925 - logger - INFO - GPU is found
2021-01-15 15:00:18,946 - logger - INFO - GPU is found
2021-01-15 15:00:57,639 - logger - INFO - GPU is found
2021-01-15 15:02:27,013 - logger - INFO - GPU is found
2021-01-15 15:06:40,812 - logger - INFO - GPU is found
2021-01-15 15:07:21,510 - logger - INFO - GPU is found
2021-01-15 15:08:51,734 - logger - INFO - GPU is found
2021-01-15 15:12:08,357 - logger - INFO - GPU is found
2021-01-15 15:12:39,494 - logger - INFO - GPU is found
2021-01-15 15:17:14,729 - logger - INFO - GPU is found
2021-01-15 15:38:07,945 - logger - INFO - GPU is found
2021-01-15 15:57:32,787 - logger - INFO - GPU is found
2021-01-15 16:17:58,980 - logger - INFO - GPU is found
2021-01-15 16:38:28,005 - logger - INFO - GPU is found
2021-01-15 16:56:27,970 - logger - INFO - GPU is found
2021-01-15 17:23:05,191 - logger - INFO - GPU is found
2021-01-15 18:05:21,472 - logger - INFO - GPU is found
2021-01-15 18:23:09,528 - logger - INFO - GPU is found
2021-01-15 18:45:48,739 - logger - INFO - GPU is found
2021-01-15 19:05:08,751 - logger - INFO - GPU is found
2021-01-15 19:29:04,344 - logger - INFO - GPU is found
2021-01-15 19:50:24,607 - logger - INFO - GPU is found
2021-01-15 20:53:16,973 - logger - INFO - GPU is found
2021-01-15 21:21:39,647 - logger - INFO - GPU is found
2021-01-15 21:55:29,932 - logger - INFO - GPU is found
2021-01-15 22:45:20,315 - logger - INFO - GPU is found
2021-01-15 23:33:50,387 - logger - INFO - GPU is found
2021-01-16 00:04:36,337 - logger - INFO - GPU is found
2021-01-16 00:37:44,043 - logger - INFO - GPU is found
2021-01-16 01:14:38,881 - logger - INFO - GPU is found
2021-01-16 01:47:26,991 - logger - INFO - GPU is found
2021-01-16 02:21:01,095 - logger - INFO - GPU is found
2021-01-16 03:21:22,952 - logger - INFO - GPU is found
2021-01-16 04:02:33,317 - logger - INFO - GPU is found
2021-01-16 04:06:43,722 - logger - INFO - GPU is found
2021-01-16 04:41:39,493 - logger - INFO - GPU is found
2021-01-16 20:45:30,377 - logger - INFO - GPU is found
2021-01-16 21:13:35,780 - logger - INFO - GPU is found
2021-01-16 21:39:08,423 - logger - INFO - GPU is found
2021-01-16 22:16:17,806 - logger - INFO - GPU is found
2021-01-16 22:55:20,732 - logger - INFO - GPU is found
2021-01-16 22:56:06,859 - logger - INFO - GPU is found
2021-01-16 23:25:05,968 - logger - INFO - GPU is found
2021-01-16 23:35:16,826 - logger - INFO - GPU is found
2021-01-17 01:12:04,044 - logger - INFO - GPU is found
2021-01-17 01:36:15,755 - logger - INFO - GPU is found
2021-01-17 01:55:06,931 - logger - INFO - GPU is found
2021-01-17 22:08:24,716 - logger - INFO - GPU is found
2021-01-17 22:36:40,178 - logger - INFO - GPU is found
2021-01-17 23:01:58,126 - logger - INFO - GPU is found
2021-01-17 23:23:15,654 - logger - INFO - GPU is found
2021-01-17 23:45:21,991 - logger - INFO - GPU is found
2021-01-18 00:12:03,271 - logger - INFO - GPU is found
2021-01-18 03:25:18,566 - logger - INFO - GPU is found
2021-01-18 03:43:44,170 - logger - INFO - GPU is found
2021-01-18 14:40:41,431 - logger - INFO - GPU is found
2021-01-18 14:42:47,287 - logger - INFO - GPU is found
2021-01-18 14:54:41,094 - logger - INFO - GPU is found
2021-01-18 15:31:38,688 - logger - INFO - GPU is found
2021-01-18 16:04:59,999 - logger - INFO - GPU is found
2021-01-18 19:50:01,745 - logger - INFO - GPU is found
2021-01-18 20:54:46,293 - logger - INFO - GPU is found
2021-01-18 21:19:33,101 - logger - INFO - GPU is found
2021-01-18 21:43:45,427 - logger - INFO - GPU is found
2021-01-18 22:11:32,330 - logger - INFO - GPU is found
2021-01-18 22:41:19,201 - logger - INFO - GPU is found
2021-01-18 22:46:44,188 - logger - INFO - GPU is found
2021-01-19 09:45:38,445 - logger - INFO - GPU is found
2021-01-20 17:15:57,086 - logger - INFO - GPU is found
2021-01-20 18:06:10,421 - logger - INFO - GPU is found
2021-01-20 18:17:46,619 - logger - INFO - GPU is found
2021-01-20 19:03:14,910 - logger - INFO - GPU is found
2021-01-20 20:20:28,756 - logger - INFO - GPU is found
2021-01-20 21:03:15,108 - logger - INFO - GPU is found
2021-01-20 21:42:47,225 - logger - INFO - GPU is found
2021-01-21 02:14:33,999 - logger - INFO - GPU is found
2021-01-21 02:22:53,769 - logger - INFO - GPU is found
2021-01-21 02:30:55,438 - logger - INFO - GPU is found
2021-01-21 02:39:02,093 - logger - INFO - GPU is found
2021-01-21 02:50:14,573 - logger - INFO - GPU is found
2021-01-21 03:26:36,540 - logger - INFO - GPU is found
2021-01-21 03:58:49,252 - logger - INFO - GPU is found
2021-01-21 04:18:26,414 - logger - INFO - GPU is found
2021-01-21 04:44:53,955 - logger - INFO - GPU is found
2021-01-21 05:05:07,634 - logger - INFO - GPU is found
2021-01-21 05:23:06,960 - logger - INFO - GPU is found
2021-01-21 05:45:32,710 - logger - INFO - GPU is found
2021-01-21 05:53:26,583 - logger - INFO - GPU is found
2021-01-21 06:25:13,813 - logger - INFO - GPU is found
2021-01-21 07:20:01,669 - logger - INFO - GPU is found
2021-01-21 08:03:51,763 - logger - INFO - GPU is found
2021-01-21 08:22:22,083 - logger - INFO - GPU is found
2021-01-21 08:48:26,448 - logger - INFO - GPU is found
